CRITICAL - 2024-07-31 12:47:36 --> Error: Call to undefined method CodeIgniter\View\View::endeSection()
[Method: GET, Route: tampilData]
in APPPATH\Views\TampilData.php on line 9.
 1 SYSTEMPATH\View\View.php(234): include()
 2 SYSTEMPATH\View\View.php(237): CodeIgniter\View\View->CodeIgniter\View\{closure}()
 3 SYSTEMPATH\Common.php(1171): CodeIgniter\View\View->render('tampilData', [], true)
 4 APPPATH\Controllers\ListData.php(9): view('tampilData')
 5 SYSTEMPATH\CodeIgniter.php(933): App\Controllers\ListData->index()
 6 SYSTEMPATH\CodeIgniter.php(509): CodeIgniter\CodeIgniter->runController(Object(App\Controllers\ListData))
 7 SYSTEMPATH\CodeIgniter.php(355): CodeIgniter\CodeIgniter->handleRequest(null, Object(Config\Cache), false)
 8 SYSTEMPATH\Boot.php(325): CodeIgniter\CodeIgniter->run()
 9 SYSTEMPATH\Boot.php(67): CodeIgniter\Boot::runCodeIgniter(Object(CodeIgniter\CodeIgniter))
10 FCPATH\index.php(56): CodeIgniter\Boot::bootWeb(Object(Config\Paths))
11 SYSTEMPATH\rewrite.php(44): require_once('C:\\xampp\\htdocs\\ci4-apps\\public\\index.php')
CRITICAL - 2024-07-31 12:47:51 --> ErrorException: Undefined variable $title
[Method: GET, Route: tampilData]
in APPPATH\Views\layout.php on line 12.
 1 APPPATH\Views\layout.php(12): CodeIgniter\Debug\Exceptions->errorHandler(2, 'Undefined variable $title', 'C:\\xampp\\htdocs\\ci4-apps\\app\\Views\\layout.php', 12)
 2 SYSTEMPATH\View\View.php(234): include('C:\\xampp\\htdocs\\ci4-apps\\app\\Views\\layout.php')
 3 SYSTEMPATH\View\View.php(237): CodeIgniter\View\View->CodeIgniter\View\{closure}()
 4 SYSTEMPATH\View\View.php(250): CodeIgniter\View\View->render('layout', [], true)
 5 SYSTEMPATH\Common.php(1171): CodeIgniter\View\View->render('tampilData', [], true)
 6 APPPATH\Controllers\ListData.php(9): view('tampilData')
 7 SYSTEMPATH\CodeIgniter.php(933): App\Controllers\ListData->index()
 8 SYSTEMPATH\CodeIgniter.php(509): CodeIgniter\CodeIgniter->runController(Object(App\Controllers\ListData))
 9 SYSTEMPATH\CodeIgniter.php(355): CodeIgniter\CodeIgniter->handleRequest(null, Object(Config\Cache), false)
10 SYSTEMPATH\Boot.php(325): CodeIgniter\CodeIgniter->run()
11 SYSTEMPATH\Boot.php(67): CodeIgniter\Boot::runCodeIgniter(Object(CodeIgniter\CodeIgniter))
12 FCPATH\index.php(56): CodeIgniter\Boot::bootWeb(Object(Config\Paths))
13 SYSTEMPATH\rewrite.php(44): require_once('C:\\xampp\\htdocs\\ci4-apps\\public\\index.php')
CRITICAL - 2024-07-31 12:49:31 --> ErrorException: Undefined variable $tanggal_sekarang
[Method: GET, Route: tampilData]
in APPPATH\Views\layout.php on line 234.
 1 APPPATH\Views\layout.php(234): CodeIgniter\Debug\Exceptions->errorHandler(2, 'Undefined variable $tanggal_sekarang', 'C:\\xampp\\htdocs\\ci4-apps\\app\\Views\\layout.php', 234)
 2 SYSTEMPATH\View\View.php(234): include('C:\\xampp\\htdocs\\ci4-apps\\app\\Views\\layout.php')
 3 SYSTEMPATH\View\View.php(237): CodeIgniter\View\View->CodeIgniter\View\{closure}()
 4 SYSTEMPATH\View\View.php(250): CodeIgniter\View\View->render('layout', [], true)
 5 SYSTEMPATH\Common.php(1171): CodeIgniter\View\View->render('tampilData', [], true)
 6 APPPATH\Controllers\ListData.php(12): view('tampilData', [...])
 7 SYSTEMPATH\CodeIgniter.php(933): App\Controllers\ListData->index()
 8 SYSTEMPATH\CodeIgniter.php(509): CodeIgniter\CodeIgniter->runController(Object(App\Controllers\ListData))
 9 SYSTEMPATH\CodeIgniter.php(355): CodeIgniter\CodeIgniter->handleRequest(null, Object(Config\Cache), false)
10 SYSTEMPATH\Boot.php(325): CodeIgniter\CodeIgniter->run()
11 SYSTEMPATH\Boot.php(67): CodeIgniter\Boot::runCodeIgniter(Object(CodeIgniter\CodeIgniter))
12 FCPATH\index.php(56): CodeIgniter\Boot::bootWeb(Object(Config\Paths))
13 SYSTEMPATH\rewrite.php(44): require_once('C:\\xampp\\htdocs\\ci4-apps\\public\\index.php')
CRITICAL - 2024-07-31 12:50:01 --> Error: Call to undefined function App\Controllers\format_hari_tanggal()
[Method: GET, Route: tampilData]
in APPPATH\Controllers\ListData.php on line 11.
 1 SYSTEMPATH\CodeIgniter.php(933): App\Controllers\ListData->index()
 2 SYSTEMPATH\CodeIgniter.php(509): CodeIgniter\CodeIgniter->runController(Object(App\Controllers\ListData))
 3 SYSTEMPATH\CodeIgniter.php(355): CodeIgniter\CodeIgniter->handleRequest(null, Object(Config\Cache), false)
 4 SYSTEMPATH\Boot.php(325): CodeIgniter\CodeIgniter->run()
 5 SYSTEMPATH\Boot.php(67): CodeIgniter\Boot::runCodeIgniter(Object(CodeIgniter\CodeIgniter))
 6 FCPATH\index.php(56): CodeIgniter\Boot::bootWeb(Object(Config\Paths))
 7 SYSTEMPATH\rewrite.php(44): require_once('C:\\xampp\\htdocs\\ci4-apps\\public\\index.php')
CRITICAL - 2024-07-31 13:52:46 --> ErrorException: Undefined variable $guru
[Method: GET, Route: tampilData/guru]
in APPPATH\Views\TampilDataKaryawan.php on line 8.
 1 APPPATH\Views\TampilDataKaryawan.php(8): CodeIgniter\Debug\Exceptions->errorHandler(2, 'Undefined variable $guru', 'C:\\xampp\\htdocs\\ci4-apps\\app\\Views\\TampilDataKaryawan.php', 8)
 2 SYSTEMPATH\View\View.php(234): include('C:\\xampp\\htdocs\\ci4-apps\\app\\Views\\TampilDataKaryawan.php')
 3 SYSTEMPATH\View\View.php(237): CodeIgniter\View\View->CodeIgniter\View\{closure}()
 4 SYSTEMPATH\Common.php(1171): CodeIgniter\View\View->render('tampilDataKaryawan', [], true)
 5 APPPATH\Controllers\ListData.php(48): view('tampilDataKaryawan', [...])
 6 SYSTEMPATH\CodeIgniter.php(933): App\Controllers\ListData->guru()
 7 SYSTEMPATH\CodeIgniter.php(509): CodeIgniter\CodeIgniter->runController(Object(App\Controllers\ListData))
 8 SYSTEMPATH\CodeIgniter.php(355): CodeIgniter\CodeIgniter->handleRequest(null, Object(Config\Cache), false)
 9 SYSTEMPATH\Boot.php(325): CodeIgniter\CodeIgniter->run()
10 SYSTEMPATH\Boot.php(67): CodeIgniter\Boot::runCodeIgniter(Object(CodeIgniter\CodeIgniter))
11 FCPATH\index.php(56): CodeIgniter\Boot::bootWeb(Object(Config\Paths))
12 SYSTEMPATH\rewrite.php(44): require_once('C:\\xampp\\htdocs\\ci4-apps\\public\\index.php')
CRITICAL - 2024-07-31 13:53:04 --> ErrorException: Undefined variable $guru
[Method: GET, Route: tampilData/guru]
in APPPATH\Views\TampilDataKaryawan.php on line 8.
 1 APPPATH\Views\TampilDataKaryawan.php(8): CodeIgniter\Debug\Exceptions->errorHandler(2, 'Undefined variable $guru', 'C:\\xampp\\htdocs\\ci4-apps\\app\\Views\\TampilDataKaryawan.php', 8)
 2 SYSTEMPATH\View\View.php(234): include('C:\\xampp\\htdocs\\ci4-apps\\app\\Views\\TampilDataKaryawan.php')
 3 SYSTEMPATH\View\View.php(237): CodeIgniter\View\View->CodeIgniter\View\{closure}()
 4 SYSTEMPATH\Common.php(1171): CodeIgniter\View\View->render('tampilDataKaryawan', [], true)
 5 APPPATH\Controllers\ListData.php(48): view('tampilDataKaryawan', [...])
 6 SYSTEMPATH\CodeIgniter.php(933): App\Controllers\ListData->guru()
 7 SYSTEMPATH\CodeIgniter.php(509): CodeIgniter\CodeIgniter->runController(Object(App\Controllers\ListData))
 8 SYSTEMPATH\CodeIgniter.php(355): CodeIgniter\CodeIgniter->handleRequest(null, Object(Config\Cache), false)
 9 SYSTEMPATH\Boot.php(325): CodeIgniter\CodeIgniter->run()
10 SYSTEMPATH\Boot.php(67): CodeIgniter\Boot::runCodeIgniter(Object(CodeIgniter\CodeIgniter))
11 FCPATH\index.php(56): CodeIgniter\Boot::bootWeb(Object(Config\Paths))
12 SYSTEMPATH\rewrite.php(44): require_once('C:\\xampp\\htdocs\\ci4-apps\\public\\index.php')
CRITICAL - 2024-07-31 16:11:21 --> ErrorException: Undefined variable $title
[Method: GET, Route: absensi/sd]
in APPPATH\Views\layout.php on line 12.
 1 APPPATH\Views\layout.php(12): CodeIgniter\Debug\Exceptions->errorHandler(2, 'Undefined variable $title', 'C:\\xampp\\htdocs\\ci4-apps\\app\\Views\\layout.php', 12)
 2 SYSTEMPATH\View\View.php(234): include('C:\\xampp\\htdocs\\ci4-apps\\app\\Views\\layout.php')
 3 SYSTEMPATH\View\View.php(237): CodeIgniter\View\View->CodeIgniter\View\{closure}()
 4 SYSTEMPATH\View\View.php(250): CodeIgniter\View\View->render('layout', [], true)
 5 SYSTEMPATH\Common.php(1171): CodeIgniter\View\View->render('dashboard', [], true)
 6 APPPATH\Controllers\Absen.php(22): view('dashboard', [...])
 7 SYSTEMPATH\CodeIgniter.php(933): App\Controllers\Absen->SD()
 8 SYSTEMPATH\CodeIgniter.php(509): CodeIgniter\CodeIgniter->runController(Object(App\Controllers\Absen))
 9 SYSTEMPATH\CodeIgniter.php(355): CodeIgniter\CodeIgniter->handleRequest(null, Object(Config\Cache), false)
10 SYSTEMPATH\Boot.php(325): CodeIgniter\CodeIgniter->run()
11 SYSTEMPATH\Boot.php(67): CodeIgniter\Boot::runCodeIgniter(Object(CodeIgniter\CodeIgniter))
12 FCPATH\index.php(56): CodeIgniter\Boot::bootWeb(Object(Config\Paths))
13 SYSTEMPATH\rewrite.php(44): require_once('C:\\xampp\\htdocs\\ci4-apps\\public\\index.php')
CRITICAL - 2024-07-31 16:11:53 --> CodeIgniter\View\Exceptions\ViewException: Invalid file: "absen.php"
[Method: GET, Route: absensi/sd]
in SYSTEMPATH\Exceptions\FrameworkException.php on line 41.
 1 SYSTEMPATH\View\View.php(222): CodeIgniter\Exceptions\FrameworkException::forInvalidFile('absen.php')
 2 SYSTEMPATH\Common.php(1171): CodeIgniter\View\View->render('absen', [], true)
 3 APPPATH\Controllers\Absen.php(22): view('absen')
 4 SYSTEMPATH\CodeIgniter.php(933): App\Controllers\Absen->SD()
 5 SYSTEMPATH\CodeIgniter.php(509): CodeIgniter\CodeIgniter->runController(Object(App\Controllers\Absen))
 6 SYSTEMPATH\CodeIgniter.php(355): CodeIgniter\CodeIgniter->handleRequest(null, Object(Config\Cache), false)
 7 SYSTEMPATH\Boot.php(325): CodeIgniter\CodeIgniter->run()
 8 SYSTEMPATH\Boot.php(67): CodeIgniter\Boot::runCodeIgniter(Object(CodeIgniter\CodeIgniter))
 9 FCPATH\index.php(56): CodeIgniter\Boot::bootWeb(Object(Config\Paths))
10 SYSTEMPATH\rewrite.php(44): require_once('C:\\xampp\\htdocs\\ci4-apps\\public\\index.php')
CRITICAL - 2024-07-31 16:12:01 --> CodeIgniter\View\Exceptions\ViewException: Invalid file: "absen.php"
[Method: GET, Route: absensi/sd]
in SYSTEMPATH\Exceptions\FrameworkException.php on line 41.
 1 SYSTEMPATH\View\View.php(222): CodeIgniter\Exceptions\FrameworkException::forInvalidFile('absen.php')
 2 SYSTEMPATH\Common.php(1171): CodeIgniter\View\View->render('absen', [], true)
 3 APPPATH\Controllers\Absen.php(22): view('absen')
 4 SYSTEMPATH\CodeIgniter.php(933): App\Controllers\Absen->SD()
 5 SYSTEMPATH\CodeIgniter.php(509): CodeIgniter\CodeIgniter->runController(Object(App\Controllers\Absen))
 6 SYSTEMPATH\CodeIgniter.php(355): CodeIgniter\CodeIgniter->handleRequest(null, Object(Config\Cache), false)
 7 SYSTEMPATH\Boot.php(325): CodeIgniter\CodeIgniter->run()
 8 SYSTEMPATH\Boot.php(67): CodeIgniter\Boot::runCodeIgniter(Object(CodeIgniter\CodeIgniter))
 9 FCPATH\index.php(56): CodeIgniter\Boot::bootWeb(Object(Config\Paths))
10 SYSTEMPATH\rewrite.php(44): require_once('C:\\xampp\\htdocs\\ci4-apps\\public\\index.php')
CRITICAL - 2024-07-31 16:12:20 --> CodeIgniter\View\Exceptions\ViewException: Invalid file: "absen.php"
[Method: GET, Route: absensi/sd]
in SYSTEMPATH\Exceptions\FrameworkException.php on line 41.
 1 SYSTEMPATH\View\View.php(222): CodeIgniter\Exceptions\FrameworkException::forInvalidFile('absen.php')
 2 SYSTEMPATH\Common.php(1171): CodeIgniter\View\View->render('absen', [], true)
 3 APPPATH\Controllers\Absen.php(22): view('absen')
 4 SYSTEMPATH\CodeIgniter.php(933): App\Controllers\Absen->SD()
 5 SYSTEMPATH\CodeIgniter.php(509): CodeIgniter\CodeIgniter->runController(Object(App\Controllers\Absen))
 6 SYSTEMPATH\CodeIgniter.php(355): CodeIgniter\CodeIgniter->handleRequest(null, Object(Config\Cache), false)
 7 SYSTEMPATH\Boot.php(325): CodeIgniter\CodeIgniter->run()
 8 SYSTEMPATH\Boot.php(67): CodeIgniter\Boot::runCodeIgniter(Object(CodeIgniter\CodeIgniter))
 9 FCPATH\index.php(56): CodeIgniter\Boot::bootWeb(Object(Config\Paths))
10 SYSTEMPATH\rewrite.php(44): require_once('C:\\xampp\\htdocs\\ci4-apps\\public\\index.php')
CRITICAL - 2024-07-31 16:12:37 --> CodeIgniter\View\Exceptions\ViewException: Invalid file: "absen.php"
[Method: GET, Route: absensi/sd]
in SYSTEMPATH\Exceptions\FrameworkException.php on line 41.
 1 SYSTEMPATH\View\View.php(222): CodeIgniter\Exceptions\FrameworkException::forInvalidFile('absen.php')
 2 SYSTEMPATH\Common.php(1171): CodeIgniter\View\View->render('absen', [], true)
 3 APPPATH\Controllers\Absen.php(22): view('absen')
 4 SYSTEMPATH\CodeIgniter.php(933): App\Controllers\Absen->SD()
 5 SYSTEMPATH\CodeIgniter.php(509): CodeIgniter\CodeIgniter->runController(Object(App\Controllers\Absen))
 6 SYSTEMPATH\CodeIgniter.php(355): CodeIgniter\CodeIgniter->handleRequest(null, Object(Config\Cache), false)
 7 SYSTEMPATH\Boot.php(325): CodeIgniter\CodeIgniter->run()
 8 SYSTEMPATH\Boot.php(67): CodeIgniter\Boot::runCodeIgniter(Object(CodeIgniter\CodeIgniter))
 9 FCPATH\index.php(56): CodeIgniter\Boot::bootWeb(Object(Config\Paths))
10 SYSTEMPATH\rewrite.php(44): require_once('C:\\xampp\\htdocs\\ci4-apps\\public\\index.php')
CRITICAL - 2024-07-31 16:14:46 --> Error: Call to undefined method CodeIgniter\View\View::extends()
[Method: GET, Route: absensi/sd]
in APPPATH\Views\Absensi.php on line 1.
 1 SYSTEMPATH\View\View.php(234): include()
 2 SYSTEMPATH\View\View.php(237): CodeIgniter\View\View->CodeIgniter\View\{closure}()
 3 SYSTEMPATH\Common.php(1171): CodeIgniter\View\View->render('absensi', [], true)
 4 APPPATH\Controllers\Absen.php(22): view('absensi')
 5 SYSTEMPATH\CodeIgniter.php(933): App\Controllers\Absen->SD()
 6 SYSTEMPATH\CodeIgniter.php(509): CodeIgniter\CodeIgniter->runController(Object(App\Controllers\Absen))
 7 SYSTEMPATH\CodeIgniter.php(355): CodeIgniter\CodeIgniter->handleRequest(null, Object(Config\Cache), false)
 8 SYSTEMPATH\Boot.php(325): CodeIgniter\CodeIgniter->run()
 9 SYSTEMPATH\Boot.php(67): CodeIgniter\Boot::runCodeIgniter(Object(CodeIgniter\CodeIgniter))
10 FCPATH\index.php(56): CodeIgniter\Boot::bootWeb(Object(Config\Paths))
11 SYSTEMPATH\rewrite.php(44): require_once('C:\\xampp\\htdocs\\ci4-apps\\public\\index.php')
CRITICAL - 2024-07-31 16:15:00 --> ErrorException: Undefined variable $title
[Method: GET, Route: absensi/sd]
in APPPATH\Views\layout.php on line 12.
 1 APPPATH\Views\layout.php(12): CodeIgniter\Debug\Exceptions->errorHandler(2, 'Undefined variable $title', 'C:\\xampp\\htdocs\\ci4-apps\\app\\Views\\layout.php', 12)
 2 SYSTEMPATH\View\View.php(234): include('C:\\xampp\\htdocs\\ci4-apps\\app\\Views\\layout.php')
 3 SYSTEMPATH\View\View.php(237): CodeIgniter\View\View->CodeIgniter\View\{closure}()
 4 SYSTEMPATH\View\View.php(250): CodeIgniter\View\View->render('layout', [], true)
 5 SYSTEMPATH\Common.php(1171): CodeIgniter\View\View->render('absensi', [], true)
 6 APPPATH\Controllers\Absen.php(22): view('absensi')
 7 SYSTEMPATH\CodeIgniter.php(933): App\Controllers\Absen->SD()
 8 SYSTEMPATH\CodeIgniter.php(509): CodeIgniter\CodeIgniter->runController(Object(App\Controllers\Absen))
 9 SYSTEMPATH\CodeIgniter.php(355): CodeIgniter\CodeIgniter->handleRequest(null, Object(Config\Cache), false)
10 SYSTEMPATH\Boot.php(325): CodeIgniter\CodeIgniter->run()
11 SYSTEMPATH\Boot.php(67): CodeIgniter\Boot::runCodeIgniter(Object(CodeIgniter\CodeIgniter))
12 FCPATH\index.php(56): CodeIgniter\Boot::bootWeb(Object(Config\Paths))
13 SYSTEMPATH\rewrite.php(44): require_once('C:\\xampp\\htdocs\\ci4-apps\\public\\index.php')
