CRITICAL - 2024-08-02 17:56:04 --> CodeIgniter\View\Exceptions\ViewException: Invalid file: "kesehatan.php"
[Method: GET, Route: kesehatan]
in SYSTEMPATH\Exceptions\FrameworkException.php on line 41.
 1 SYSTEMPATH\View\View.php(222): CodeIgniter\Exceptions\FrameworkException::forInvalidFile('kesehatan.php')
 2 SYSTEMPATH\Common.php(1171): CodeIgniter\View\View->render('kesehatan', [], true)
 3 APPPATH\Controllers\Kesehatan.php(13): view('kesehatan', [...])
 4 SYSTEMPATH\CodeIgniter.php(933): App\Controllers\Kesehatan->index()
 5 SYSTEMPATH\CodeIgniter.php(509): CodeIgniter\CodeIgniter->runController(Object(App\Controllers\Kesehatan))
 6 SYSTEMPATH\CodeIgniter.php(355): CodeIgniter\CodeIgniter->handleRequest(null, Object(Config\Cache), false)
 7 SYSTEMPATH\Boot.php(325): CodeIgniter\CodeIgniter->run()
 8 SYSTEMPATH\Boot.php(67): CodeIgniter\Boot::runCodeIgniter(Object(CodeIgniter\CodeIgniter))
 9 FCPATH\index.php(56): CodeIgniter\Boot::bootWeb(Object(Config\Paths))
10 SYSTEMPATH\rewrite.php(44): require_once('C:\\xampp\\htdocs\\ci4-apps\\public\\index.php')
CRITICAL - 2024-08-02 20:48:17 --> ParseError: syntax error, unexpected single-quoted string ",", expecting "]"
[Method: GET, Route: kesantrian/nilai]
in APPPATH\Controllers\Kesantrian.php on line 11.
 1 SYSTEMPATH\Autoloader\Autoloader.php(296): CodeIgniter\Autoloader\Autoloader->includeFile('C:\\xampp\\htdocs\\ci4-apps\\app\\Controllers\\Kesantrian.php')
 2 SYSTEMPATH\Autoloader\Autoloader.php(272): CodeIgniter\Autoloader\Autoloader->loadInNamespace('App\\Controllers\\Kesantrian')
 3 [internal function]: CodeIgniter\Autoloader\Autoloader->loadClass('App\\Controllers\\Kesantrian')
 4 SYSTEMPATH\CodeIgniter.php(887): class_exists('\\App\\Controllers\\Kesantrian', true)
 5 SYSTEMPATH\CodeIgniter.php(496): CodeIgniter\CodeIgniter->startController()
 6 SYSTEMPATH\CodeIgniter.php(355): CodeIgniter\CodeIgniter->handleRequest(null, Object(Config\Cache), false)
 7 SYSTEMPATH\Boot.php(325): CodeIgniter\CodeIgniter->run()
 8 SYSTEMPATH\Boot.php(67): CodeIgniter\Boot::runCodeIgniter(Object(CodeIgniter\CodeIgniter))
 9 FCPATH\index.php(56): CodeIgniter\Boot::bootWeb(Object(Config\Paths))
10 SYSTEMPATH\rewrite.php(44): require_once('C:\\xampp\\htdocs\\ci4-apps\\public\\index.php')
