CRITICAL - 2024-08-03 07:10:17 --> Error: Call to undefined method CodeIgniter\View\View::extends()
[Method: GET, Route: pengumuman]
in APPPATH\Views\Pengumuman.php on line 1.
 1 SYSTEMPATH\View\View.php(234): include()
 2 SYSTEMPATH\View\View.php(237): CodeIgniter\View\View->CodeIgniter\View\{closure}()
 3 SYSTEMPATH\Common.php(1171): CodeIgniter\View\View->render('pengumuman', [], true)
 4 APPPATH\Controllers\Home.php(37): view('pengumuman', [...])
 5 SYSTEMPATH\CodeIgniter.php(933): App\Controllers\Home->pengumuman()
 6 SYSTEMPATH\CodeIgniter.php(509): CodeIgniter\CodeIgniter->runController(Object(App\Controllers\Home))
 7 SYSTEMPATH\CodeIgniter.php(355): CodeIgniter\CodeIgniter->handleRequest(null, Object(Config\Cache), false)
 8 SYSTEMPATH\Boot.php(325): CodeIgniter\CodeIgniter->run()
 9 SYSTEMPATH\Boot.php(67): CodeIgniter\Boot::runCodeIgniter(Object(CodeIgniter\CodeIgniter))
10 FCPATH\index.php(56): CodeIgniter\Boot::bootWeb(Object(Config\Paths))
11 SYSTEMPATH\rewrite.php(44): require_once('C:\\xampp\\htdocs\\ci4-apps\\public\\index.php')
CRITICAL - 2024-08-03 23:33:25 --> CodeIgniter\View\Exceptions\ViewException: Invalid file: "absensi.php"
[Method: GET, Route: absensi/karyawan]
in SYSTEMPATH\Exceptions\FrameworkException.php on line 41.
 1 SYSTEMPATH\View\View.php(222): CodeIgniter\Exceptions\FrameworkException::forInvalidFile('absensi.php')
 2 SYSTEMPATH\Common.php(1171): CodeIgniter\View\View->render('absensi', [], true)
 3 APPPATH\Controllers\Absen.php(57): view('absensi', [...])
 4 SYSTEMPATH\CodeIgniter.php(933): App\Controllers\Absen->karyawan()
 5 SYSTEMPATH\CodeIgniter.php(509): CodeIgniter\CodeIgniter->runController(Object(App\Controllers\Absen))
 6 SYSTEMPATH\CodeIgniter.php(355): CodeIgniter\CodeIgniter->handleRequest(null, Object(Config\Cache), false)
 7 SYSTEMPATH\Boot.php(325): CodeIgniter\CodeIgniter->run()
 8 SYSTEMPATH\Boot.php(67): CodeIgniter\Boot::runCodeIgniter(Object(CodeIgniter\CodeIgniter))
 9 FCPATH\index.php(56): CodeIgniter\Boot::bootWeb(Object(Config\Paths))
10 SYSTEMPATH\rewrite.php(44): require_once('C:\\xampp\\htdocs\\ci4-apps\\public\\index.php')
CRITICAL - 2024-08-03 23:33:53 --> CodeIgniter\View\Exceptions\ViewException: Invalid file: "Absen/absensi.php"
[Method: GET, Route: absensi/karyawan]
in SYSTEMPATH\Exceptions\FrameworkException.php on line 41.
 1 SYSTEMPATH\View\View.php(222): CodeIgniter\Exceptions\FrameworkException::forInvalidFile('Absen/absensi.php')
 2 SYSTEMPATH\Common.php(1171): CodeIgniter\View\View->render('Absen/absensi', [], true)
 3 APPPATH\Controllers\Absen.php(57): view('Absen/absensi', [...])
 4 SYSTEMPATH\CodeIgniter.php(933): App\Controllers\Absen->karyawan()
 5 SYSTEMPATH\CodeIgniter.php(509): CodeIgniter\CodeIgniter->runController(Object(App\Controllers\Absen))
 6 SYSTEMPATH\CodeIgniter.php(355): CodeIgniter\CodeIgniter->handleRequest(null, Object(Config\Cache), false)
 7 SYSTEMPATH\Boot.php(325): CodeIgniter\CodeIgniter->run()
 8 SYSTEMPATH\Boot.php(67): CodeIgniter\Boot::runCodeIgniter(Object(CodeIgniter\CodeIgniter))
 9 FCPATH\index.php(56): CodeIgniter\Boot::bootWeb(Object(Config\Paths))
10 SYSTEMPATH\rewrite.php(44): require_once('C:\\xampp\\htdocs\\ci4-apps\\public\\index.php')
CRITICAL - 2024-08-03 23:34:02 --> CodeIgniter\View\Exceptions\ViewException: Invalid file: "Absen/absensi.php"
[Method: GET, Route: absensi/karyawan]
in SYSTEMPATH\Exceptions\FrameworkException.php on line 41.
 1 SYSTEMPATH\View\View.php(222): CodeIgniter\Exceptions\FrameworkException::forInvalidFile('Absen/absensi.php')
 2 SYSTEMPATH\Common.php(1171): CodeIgniter\View\View->render('Absen/absensi', [], true)
 3 APPPATH\Controllers\Absen.php(57): view('Absen/absensi', [...])
 4 SYSTEMPATH\CodeIgniter.php(933): App\Controllers\Absen->karyawan()
 5 SYSTEMPATH\CodeIgniter.php(509): CodeIgniter\CodeIgniter->runController(Object(App\Controllers\Absen))
 6 SYSTEMPATH\CodeIgniter.php(355): CodeIgniter\CodeIgniter->handleRequest(null, Object(Config\Cache), false)
 7 SYSTEMPATH\Boot.php(325): CodeIgniter\CodeIgniter->run()
 8 SYSTEMPATH\Boot.php(67): CodeIgniter\Boot::runCodeIgniter(Object(CodeIgniter\CodeIgniter))
 9 FCPATH\index.php(56): CodeIgniter\Boot::bootWeb(Object(Config\Paths))
10 SYSTEMPATH\rewrite.php(44): require_once('C:\\xampp\\htdocs\\ci4-apps\\public\\index.php')
